<?xml version="1.0" encoding="UTF-8"?>
<testng-results ignored="0" total="4" passed="4" failed="0" skipped="0">
  <reporter-output>
  </reporter-output>
  <suite started-at="2023-10-26T23:01:47 IST" name="Suite" finished-at="2023-10-26T23:01:47 IST" duration-ms="40">
    <groups>
    </groups>
    <test started-at="2023-10-26T23:01:47 IST" name="Test" finished-at="2023-10-26T23:01:47 IST" duration-ms="40">
      <class name="qaclickacademy.RESTAPITest">
        <test-method signature="deleteTwitter()[pri:0, instance:qaclickacademy.RESTAPITest@6a400542]" started-at="2023-10-26T23:01:47 IST" name="deleteTwitter" finished-at="2023-10-26T23:01:47 IST" duration-ms="0" status="PASS">
          <reporter-output>
          </reporter-output>
        </test-method> <!-- deleteTwitter -->
        <test-method signature="postJira()[pri:0, instance:qaclickacademy.RESTAPITest@6a400542]" started-at="2023-10-26T23:01:47 IST" name="postJira" finished-at="2023-10-26T23:01:47 IST" duration-ms="0" status="PASS">
          <reporter-output>
          </reporter-output>
        </test-method> <!-- postJira -->
      </class> <!-- qaclickacademy.RESTAPITest -->
      <class name="qaclickacademy.SeleniumTest">
        <test-method signature="BrowserAUtomation()[pri:0, instance:qaclickacademy.SeleniumTest@19bb07ed]" started-at="2023-10-26T23:01:47 IST" name="BrowserAUtomation" finished-at="2023-10-26T23:01:47 IST" duration-ms="4" status="PASS">
          <reporter-output>
          </reporter-output>
        </test-method> <!-- BrowserAUtomation -->
        <test-method signature="elementsUi()[pri:0, instance:qaclickacademy.SeleniumTest@19bb07ed]" started-at="2023-10-26T23:01:47 IST" name="elementsUi" finished-at="2023-10-26T23:01:47 IST" duration-ms="0" status="PASS">
          <reporter-output>
          </reporter-output>
        </test-method> <!-- elementsUi -->
      </class> <!-- qaclickacademy.SeleniumTest -->
    </test> <!-- Test -->
  </suite> <!-- Suite -->
</testng-results>
